# JRE version: OpenJDK Runtime Environment (17.0.9+9) (build 17.0.9+9-Debian-2)
# Java VM: OpenJDK 64-Bit Server VM (17.0.9+9-Debian-2, mixed mode, emulated-client, sharing, tiered, compressed oops, compressed class ptrs, g1 gc, linux-amd64)
GC Precious Log:
 CPUs: 8 total, 8 available
 Memory: 15874M
 Large Page Support: Disabled
 NUMA Support: Disabled
 Compressed Oops: Enabled (Zero based)
 Heap Region Size: 2M
 Heap Min Capacity: 8M
 Heap Initial Capacity: 250M
 Heap Max Capacity: 3970M
 Pre-touch: Disabled
 Parallel Workers: 8
 Concurrent Workers: 2
 Concurrent Refinement Workers: 8
 Periodic GC: Disabled
Heap:
 garbage-first heap   total 122880K, used 44325K [0x0000000707e00000, 0x0000000800000000)
  region size 2048K, 9 young (18432K), 3 survivors (6144K)
 Metaspace       used 68815K, committed 69376K, reserved 1114112K
  class space    used 10159K, committed 10432K, reserved 1048576K
GC Heap History (20 events):
Event: 11.298 GC heap before
{Heap before GC invocations=10 (full 0):
 garbage-first heap   total 96256K, used 27362K [0x0000000707e00000, 0x0000000800000000)
  region size 2048K, 3 young (6144K), 2 survivors (4096K)
 Metaspace       used 47087K, committed 47552K, reserved 1114112K
  class space    used 6677K, committed 6912K, reserved 1048576K
}
Event: 11.302 GC heap after
{Heap after GC invocations=11 (full 0):
 garbage-first heap   total 96256K, used 25450K [0x0000000707e00000, 0x0000000800000000)
  region size 2048K, 1 young (2048K), 1 survivors (2048K)
 Metaspace       used 47087K, committed 47552K, reserved 1114112K
  class space    used 6677K, committed 6912K, reserved 1048576K
}
Event: 11.803 GC heap before
{Heap before GC invocations=11 (full 0):
 garbage-first heap   total 96256K, used 68458K [0x0000000707e00000, 0x0000000800000000)
  region size 2048K, 22 young (45056K), 1 survivors (2048K)
 Metaspace       used 54606K, committed 55104K, reserved 1114112K
  class space    used 7884K, committed 8128K, reserved 1048576K
}
Event: 11.805 GC heap after
{Heap after GC invocations=12 (full 0):
 garbage-first heap   total 96256K, used 26936K [0x0000000707e00000, 0x0000000800000000)
  region size 2048K, 2 young (4096K), 2 survivors (4096K)
 Metaspace       used 54606K, committed 55104K, reserved 1114112K
  class space    used 7884K, committed 8128K, reserved 1048576K
}
Event: 12.141 GC heap before
{Heap before GC invocations=13 (full 0):
 garbage-first heap   total 96256K, used 69944K [0x0000000707e00000, 0x0000000800000000)
  region size 2048K, 23 young (47104K), 2 survivors (4096K)
 Metaspace       used 58108K, committed 58688K, reserved 1114112K
  class space    used 8438K, committed 8704K, reserved 1048576K
}
Event: 12.144 GC heap after
{Heap after GC invocations=14 (full 0):
 garbage-first heap   total 96256K, used 28931K [0x0000000707e00000, 0x0000000800000000)
  region size 2048K, 2 young (4096K), 2 survivors (4096K)
 Metaspace       used 58108K, committed 58688K, reserved 1114112K
  class space    used 8438K, committed 8704K, reserved 1048576K
}
Event: 12.380 GC heap before
{Heap before GC invocations=14 (full 0):
 garbage-first heap   total 96256K, used 71939K [0x0000000707e00000, 0x0000000800000000)
  region size 2048K, 23 young (47104K), 2 survivors (4096K)
 Metaspace       used 61038K, committed 61568K, reserved 1114112K
  class space    used 8950K, committed 9216K, reserved 1048576K
}
Event: 12.384 GC heap after
{Heap after GC invocations=15 (full 0):
 garbage-first heap   total 96256K, used 31205K [0x0000000707e00000, 0x0000000800000000)
  region size 2048K, 3 young (6144K), 3 survivors (6144K)
 Metaspace       used 61038K, committed 61568K, reserved 1114112K
  class space    used 8950K, committed 9216K, reserved 1048576K
}
Event: 12.700 GC heap before
{Heap before GC invocations=15 (full 0):
 garbage-first heap   total 96256K, used 72165K [0x0000000707e00000, 0x0000000800000000)
  region size 2048K, 23 young (47104K), 3 survivors (6144K)
 Metaspace       used 65073K, committed 65600K, reserved 1114112K
  class space    used 9623K, committed 9856K, reserved 1048576K
}
Event: 12.705 GC heap after
{Heap after GC invocations=16 (full 0):
 garbage-first heap   total 202752K, used 33688K [0x0000000707e00000, 0x0000000800000000)
  region size 2048K, 3 young (6144K), 3 survivors (6144K)
 Metaspace       used 65073K, committed 65600K, reserved 1114112K
  class space    used 9623K, committed 9856K, reserved 1048576K
}
Event: 960.170 GC heap before
{Heap before GC invocations=16 (full 0):
 garbage-first heap   total 202752K, used 111512K [0x0000000707e00000, 0x0000000800000000)
  region size 2048K, 42 young (86016K), 3 survivors (6144K)
 Metaspace       used 67727K, committed 68224K, reserved 1114112K
  class space    used 10058K, committed 10304K, reserved 1048576K
}
Event: 960.210 GC heap after
{Heap after GC invocations=17 (full 1):
 garbage-first heap   total 122880K, used 30277K [0x0000000707e00000, 0x0000000800000000)
  region size 2048K, 0 young (0K), 0 survivors (0K)
 Metaspace       used 67716K, committed 68224K, reserved 1114112K
  class space    used 10056K, committed 10304K, reserved 1048576K
}
Event: 976.859 GC heap before
{Heap before GC invocations=17 (full 1):
 garbage-first heap   total 122880K, used 91717K [0x0000000707e00000, 0x0000000800000000)
  region size 2048K, 30 young (61440K), 0 survivors (0K)
 Metaspace       used 67964K, committed 68608K, reserved 1114112K
  class space    used 10088K, committed 10368K, reserved 1048576K
}
Event: 976.861 GC heap after
{Heap after GC invocations=18 (full 1):
 garbage-first heap   total 122880K, used 34667K [0x0000000707e00000, 0x0000000800000000)
  region size 2048K, 3 young (6144K), 3 survivors (6144K)
 Metaspace       used 67964K, committed 68608K, reserved 1114112K
  class space    used 10088K, committed 10368K, reserved 1048576K
}
Event: 977.123 GC heap before
{Heap before GC invocations=18 (full 1):
 garbage-first heap   total 122880K, used 89963K [0x0000000707e00000, 0x0000000800000000)
  region size 2048K, 30 young (61440K), 3 survivors (6144K)
 Metaspace       used 68467K, committed 69120K, reserved 1114112K
  class space    used 10145K, committed 10432K, reserved 1048576K
}
Event: 977.126 GC heap after
{Heap after GC invocations=19 (full 1):
 garbage-first heap   total 122880K, used 36304K [0x0000000707e00000, 0x0000000800000000)
  region size 2048K, 3 young (6144K), 3 survivors (6144K)
 Metaspace       used 68467K, committed 69120K, reserved 1114112K
  class space    used 10145K, committed 10432K, reserved 1048576K
}
Event: 987.303 GC heap before
{Heap before GC invocations=19 (full 1):
 garbage-first heap   total 122880K, used 83408K [0x0000000707e00000, 0x0000000800000000)
  region size 2048K, 27 young (55296K), 3 survivors (6144K)
 Metaspace       used 68729K, committed 69376K, reserved 1114112K
  class space    used 10166K, committed 10432K, reserved 1048576K
}
Event: 987.355 GC heap after
{Heap after GC invocations=20 (full 2):
 garbage-first heap   total 122880K, used 29639K [0x0000000707e00000, 0x0000000800000000)
  region size 2048K, 0 young (0K), 0 survivors (0K)
 Metaspace       used 68495K, committed 69376K, reserved 1114112K
  class space    used 10110K, committed 10432K, reserved 1048576K
}
Event: 1004.414 GC heap before
{Heap before GC invocations=20 (full 2):
 garbage-first heap   total 122880K, used 89031K [0x0000000707e00000, 0x0000000800000000)
  region size 2048K, 29 young (59392K), 0 survivors (0K)
 Metaspace       used 68765K, committed 69376K, reserved 1114112K
  class space    used 10149K, committed 10432K, reserved 1048576K
}
Event: 1004.417 GC heap after
{Heap after GC invocations=21 (full 2):
 garbage-first heap   total 122880K, used 34085K [0x0000000707e00000, 0x0000000800000000)
  region size 2048K, 3 young (6144K), 3 survivors (6144K)
 Metaspace       used 68765K, committed 69376K, reserved 1114112K
  class space    used 10149K, committed 10432K, reserved 1048576K
}

