# JRE version: OpenJDK Runtime Environment Temurin-21.0.2+13 (21.0.2+13) (build 21.0.2+13-LTS)
# Java VM: OpenJDK 64-Bit Server VM Temurin-21.0.2+13 (21.0.2+13-LTS, mixed mode, tiered, compressed oops, compressed class ptrs, g1 gc, linux-amd64)
GC Precious Log:
 CardTable entry size: 512
 Card Set container configuration: InlinePtr #cards 4 size 8 Array Of Cards #cards 16 size 48 Howl #buckets 8 coarsen threshold 3686 Howl Bitmap #cards 512 size 80 coarsen threshold 460 Card regions per heap region 1 cards per card region 4096
 CPUs: 8 total, 8 available
 Memory: 15874M
 Large Page Support: Disabled
 NUMA Support: Disabled
 Compressed Oops: Enabled (Zero based)
 Heap Region Size: 2M
 Heap Min Capacity: 8M
 Heap Initial Capacity: 250M
 Heap Max Capacity: 3970M
 Pre-touch: Disabled
 Parallel Workers: 8
 Concurrent Workers: 2
 Concurrent Refinement Workers: 8
 Periodic GC: Disabled
Heap:
 garbage-first heap   total 167936K, used 101903K [0x0000000707e00000, 0x0000000800000000)
  region size 2048K, 13 young (26624K), 4 survivors (8192K)
 Metaspace       used 71603K, committed 72576K, reserved 1114112K
  class space    used 8889K, committed 9344K, reserved 1048576K
GC Heap History (20 events):
Event: 9.966 GC heap before
{Heap before GC invocations=16 (full 0):
 garbage-first heap   total 102400K, used 86519K [0x0000000707e00000, 0x0000000800000000)
  region size 2048K, 26 young (53248K), 3 survivors (6144K)
 Metaspace       used 49626K, committed 50304K, reserved 1114112K
  class space    used 5601K, committed 5952K, reserved 1048576K
}
Event: 9.967 GC heap after
{Heap after GC invocations=17 (full 0):
 garbage-first heap   total 102400K, used 42628K [0x0000000707e00000, 0x0000000800000000)
  region size 2048K, 2 young (4096K), 2 survivors (4096K)
 Metaspace       used 49626K, committed 50304K, reserved 1114112K
  class space    used 5601K, committed 5952K, reserved 1048576K
}
Event: 10.215 GC heap before
{Heap before GC invocations=17 (full 0):
 garbage-first heap   total 102400K, used 87684K [0x0000000707e00000, 0x0000000800000000)
  region size 2048K, 24 young (49152K), 2 survivors (4096K)
 Metaspace       used 50894K, committed 51584K, reserved 1114112K
  class space    used 5675K, committed 6016K, reserved 1048576K
}
Event: 10.218 GC heap after
{Heap after GC invocations=18 (full 0):
 garbage-first heap   total 102400K, used 47687K [0x0000000707e00000, 0x0000000800000000)
  region size 2048K, 3 young (6144K), 3 survivors (6144K)
 Metaspace       used 50894K, committed 51584K, reserved 1114112K
  class space    used 5675K, committed 6016K, reserved 1048576K
}
Event: 10.576 GC heap before
{Heap before GC invocations=18 (full 0):
 garbage-first heap   total 102400K, used 88647K [0x0000000707e00000, 0x0000000800000000)
  region size 2048K, 23 young (47104K), 3 survivors (6144K)
 Metaspace       used 54354K, committed 55040K, reserved 1114112K
  class space    used 6449K, committed 6784K, reserved 1048576K
}
Event: 10.580 GC heap after
{Heap after GC invocations=19 (full 0):
 garbage-first heap   total 102400K, used 52103K [0x0000000707e00000, 0x0000000800000000)
  region size 2048K, 2 young (4096K), 2 survivors (4096K)
 Metaspace       used 54354K, committed 55040K, reserved 1114112K
  class space    used 6449K, committed 6784K, reserved 1048576K
}
Event: 10.768 GC heap before
{Heap before GC invocations=19 (full 0):
 garbage-first heap   total 102400K, used 88967K [0x0000000707e00000, 0x0000000800000000)
  region size 2048K, 20 young (40960K), 2 survivors (4096K)
 Metaspace       used 56088K, committed 56832K, reserved 1114112K
  class space    used 6826K, committed 7232K, reserved 1048576K
}
Event: 10.771 GC heap after
{Heap after GC invocations=20 (full 0):
 garbage-first heap   total 102400K, used 56379K [0x0000000707e00000, 0x0000000800000000)
  region size 2048K, 3 young (6144K), 3 survivors (6144K)
 Metaspace       used 56088K, committed 56832K, reserved 1114112K
  class space    used 6826K, committed 7232K, reserved 1048576K
}
Event: 10.882 GC heap before
{Heap before GC invocations=21 (full 0):
 garbage-first heap   total 112640K, used 87099K [0x0000000707e00000, 0x0000000800000000)
  region size 2048K, 18 young (36864K), 3 survivors (6144K)
 Metaspace       used 56170K, committed 56896K, reserved 1114112K
  class space    used 6828K, committed 7232K, reserved 1048576K
}
Event: 10.884 GC heap after
{Heap after GC invocations=22 (full 0):
 garbage-first heap   total 112640K, used 60016K [0x0000000707e00000, 0x0000000800000000)
  region size 2048K, 2 young (4096K), 2 survivors (4096K)
 Metaspace       used 56170K, committed 56896K, reserved 1114112K
  class space    used 6828K, committed 7232K, reserved 1048576K
}
Event: 11.200 GC heap before
{Heap before GC invocations=22 (full 0):
 garbage-first heap   total 112640K, used 98928K [0x0000000707e00000, 0x0000000800000000)
  region size 2048K, 21 young (43008K), 2 survivors (4096K)
 Metaspace       used 58018K, committed 58752K, reserved 1114112K
  class space    used 7085K, committed 7424K, reserved 1048576K
}
Event: 11.205 GC heap after
{Heap after GC invocations=23 (full 0):
 garbage-first heap   total 137216K, used 65688K [0x0000000707e00000, 0x0000000800000000)
  region size 2048K, 3 young (6144K), 3 survivors (6144K)
 Metaspace       used 58018K, committed 58752K, reserved 1114112K
  class space    used 7085K, committed 7424K, reserved 1048576K
}
Event: 11.726 GC heap before
{Heap before GC invocations=23 (full 0):
 garbage-first heap   total 137216K, used 104600K [0x0000000707e00000, 0x0000000800000000)
  region size 2048K, 24 young (49152K), 3 survivors (6144K)
 Metaspace       used 62728K, committed 63488K, reserved 1114112K
  class space    used 7807K, committed 8192K, reserved 1048576K
}
Event: 11.735 GC heap after
{Heap after GC invocations=24 (full 0):
 garbage-first heap   total 137216K, used 74368K [0x0000000707e00000, 0x0000000800000000)
  region size 2048K, 4 young (8192K), 4 survivors (8192K)
 Metaspace       used 62728K, committed 63488K, reserved 1114112K
  class space    used 7807K, committed 8192K, reserved 1048576K
}
Event: 12.346 GC heap before
{Heap before GC invocations=25 (full 0):
 garbage-first heap   total 157696K, used 133760K [0x0000000707e00000, 0x0000000800000000)
  region size 2048K, 25 young (51200K), 4 survivors (8192K)
 Metaspace       used 68851K, committed 69632K, reserved 1114112K
  class space    used 8572K, committed 8960K, reserved 1048576K
}
Event: 12.354 GC heap after
{Heap after GC invocations=26 (full 0):
 garbage-first heap   total 157696K, used 78953K [0x0000000707e00000, 0x0000000800000000)
  region size 2048K, 3 young (6144K), 3 survivors (6144K)
 Metaspace       used 68851K, committed 69632K, reserved 1114112K
  class space    used 8572K, committed 8960K, reserved 1048576K
}
Event: 77.436 GC heap before
{Heap before GC invocations=26 (full 0):
 garbage-first heap   total 157696K, used 134249K [0x0000000707e00000, 0x0000000800000000)
  region size 2048K, 30 young (61440K), 3 survivors (6144K)
 Metaspace       used 71228K, committed 72128K, reserved 1114112K
  class space    used 8875K, committed 9280K, reserved 1048576K
}
Event: 77.449 GC heap after
{Heap after GC invocations=27 (full 0):
 garbage-first heap   total 157696K, used 79947K [0x0000000707e00000, 0x0000000800000000)
  region size 2048K, 1 young (2048K), 1 survivors (2048K)
 Metaspace       used 71228K, committed 72128K, reserved 1114112K
  class space    used 8875K, committed 9280K, reserved 1048576K
}
Event: 492.594 GC heap before
{Heap before GC invocations=27 (full 0):
 garbage-first heap   total 157696K, used 137291K [0x0000000707e00000, 0x0000000800000000)
  region size 2048K, 29 young (59392K), 1 survivors (2048K)
 Metaspace       used 71592K, committed 72512K, reserved 1114112K
  class space    used 8888K, committed 9344K, reserved 1048576K
}
Event: 492.598 GC heap after
{Heap after GC invocations=28 (full 0):
 garbage-first heap   total 157696K, used 85519K [0x0000000707e00000, 0x0000000800000000)
  region size 2048K, 4 young (8192K), 4 survivors (8192K)
 Metaspace       used 71592K, committed 72512K, reserved 1114112K
  class space    used 8888K, committed 9344K, reserved 1048576K
}

