# JRE version: OpenJDK Runtime Environment (17.0.9+9) (build 17.0.9+9-Debian-2)
# Java VM: OpenJDK 64-Bit Server VM (17.0.9+9-Debian-2, mixed mode, emulated-client, sharing, tiered, compressed oops, compressed class ptrs, g1 gc, linux-amd64)
GC Precious Log:
 CPUs: 8 total, 8 available
 Memory: 15874M
 Large Page Support: Disabled
 NUMA Support: Disabled
 Compressed Oops: Enabled (Zero based)
 Heap Region Size: 2M
 Heap Min Capacity: 8M
 Heap Initial Capacity: 250M
 Heap Max Capacity: 3970M
 Pre-touch: Disabled
 Parallel Workers: 8
 Concurrent Workers: 2
 Concurrent Refinement Workers: 8
 Periodic GC: Disabled
Heap:
 garbage-first heap   total 116736K, used 91346K [0x0000000707e00000, 0x0000000800000000)
  region size 2048K, 29 young (59392K), 3 survivors (6144K)
 Metaspace       used 78071K, committed 78784K, reserved 1179648K
  class space    used 11232K, committed 11584K, reserved 1048576K
GC Heap History (20 events):
Event: 620.477 GC heap after
{Heap after GC invocations=27 (full 5):
 garbage-first heap   total 116736K, used 32722K [0x0000000707e00000, 0x0000000800000000)
  region size 2048K, 0 young (0K), 0 survivors (0K)
 Metaspace       used 75418K, committed 76032K, reserved 1114112K
  class space    used 10976K, committed 11264K, reserved 1048576K
}
Event: 631.790 GC heap before
{Heap before GC invocations=27 (full 5):
 garbage-first heap   total 116736K, used 88018K [0x0000000707e00000, 0x0000000800000000)
  region size 2048K, 27 young (55296K), 0 survivors (0K)
 Metaspace       used 75663K, committed 76352K, reserved 1179648K
  class space    used 11008K, committed 11328K, reserved 1048576K
}
Event: 631.793 GC heap after
{Heap after GC invocations=28 (full 5):
 garbage-first heap   total 116736K, used 36683K [0x0000000707e00000, 0x0000000800000000)
  region size 2048K, 2 young (4096K), 2 survivors (4096K)
 Metaspace       used 75663K, committed 76352K, reserved 1179648K
  class space    used 11008K, committed 11328K, reserved 1048576K
}
Event: 632.066 GC heap before
{Heap before GC invocations=28 (full 5):
 garbage-first heap   total 116736K, used 87883K [0x0000000707e00000, 0x0000000800000000)
  region size 2048K, 27 young (55296K), 2 survivors (4096K)
 Metaspace       used 76080K, committed 76736K, reserved 1179648K
  class space    used 11058K, committed 11392K, reserved 1048576K
}
Event: 632.070 GC heap after
{Heap after GC invocations=29 (full 5):
 garbage-first heap   total 116736K, used 38444K [0x0000000707e00000, 0x0000000800000000)
  region size 2048K, 3 young (6144K), 3 survivors (6144K)
 Metaspace       used 76080K, committed 76736K, reserved 1179648K
  class space    used 11058K, committed 11392K, reserved 1048576K
}
Event: 632.346 GC heap before
{Heap before GC invocations=29 (full 5):
 garbage-first heap   total 116736K, used 87596K [0x0000000707e00000, 0x0000000800000000)
  region size 2048K, 27 young (55296K), 3 survivors (6144K)
 Metaspace       used 76370K, committed 77056K, reserved 1179648K
  class space    used 11080K, committed 11392K, reserved 1048576K
}
Event: 632.350 GC heap after
{Heap after GC invocations=30 (full 5):
 garbage-first heap   total 116736K, used 40538K [0x0000000707e00000, 0x0000000800000000)
  region size 2048K, 3 young (6144K), 3 survivors (6144K)
 Metaspace       used 76370K, committed 77056K, reserved 1179648K
  class space    used 11080K, committed 11392K, reserved 1048576K
}
Event: 639.481 GC heap before
{Heap before GC invocations=30 (full 5):
 garbage-first heap   total 116736K, used 46682K [0x0000000707e00000, 0x0000000800000000)
  region size 2048K, 7 young (14336K), 3 survivors (6144K)
 Metaspace       used 76373K, committed 77056K, reserved 1179648K
  class space    used 11080K, committed 11392K, reserved 1048576K
}
Event: 639.546 GC heap after
{Heap after GC invocations=31 (full 6):
 garbage-first heap   total 116736K, used 31536K [0x0000000707e00000, 0x0000000800000000)
  region size 2048K, 0 young (0K), 0 survivors (0K)
 Metaspace       used 76228K, committed 76992K, reserved 1179648K
  class space    used 11044K, committed 11392K, reserved 1048576K
}
Event: 657.866 GC heap before
{Heap before GC invocations=31 (full 6):
 garbage-first heap   total 116736K, used 90928K [0x0000000707e00000, 0x0000000800000000)
  region size 2048K, 29 young (59392K), 0 survivors (0K)
 Metaspace       used 76444K, committed 77120K, reserved 1179648K
  class space    used 11072K, committed 11392K, reserved 1048576K
}
Event: 657.868 GC heap after
{Heap after GC invocations=32 (full 6):
 garbage-first heap   total 116736K, used 35770K [0x0000000707e00000, 0x0000000800000000)
  region size 2048K, 3 young (6144K), 3 survivors (6144K)
 Metaspace       used 76444K, committed 77120K, reserved 1179648K
  class space    used 11072K, committed 11392K, reserved 1048576K
}
Event: 658.080 GC heap before
{Heap before GC invocations=32 (full 6):
 garbage-first heap   total 116736K, used 89018K [0x0000000707e00000, 0x0000000800000000)
  region size 2048K, 29 young (59392K), 3 survivors (6144K)
 Metaspace       used 76871K, committed 77504K, reserved 1179648K
  class space    used 11117K, committed 11456K, reserved 1048576K
}
Event: 658.083 GC heap after
{Heap after GC invocations=33 (full 6):
 garbage-first heap   total 116736K, used 37680K [0x0000000707e00000, 0x0000000800000000)
  region size 2048K, 3 young (6144K), 3 survivors (6144K)
 Metaspace       used 76871K, committed 77504K, reserved 1179648K
  class space    used 11117K, committed 11456K, reserved 1048576K
}
Event: 665.474 GC heap before
{Heap before GC invocations=33 (full 6):
 garbage-first heap   total 116736K, used 88880K [0x0000000707e00000, 0x0000000800000000)
  region size 2048K, 29 young (59392K), 3 survivors (6144K)
 Metaspace       used 77128K, committed 77760K, reserved 1179648K
  class space    used 11135K, committed 11456K, reserved 1048576K
}
Event: 665.515 GC heap after
{Heap after GC invocations=34 (full 7):
 garbage-first heap   total 116736K, used 32033K [0x0000000707e00000, 0x0000000800000000)
  region size 2048K, 0 young (0K), 0 survivors (0K)
 Metaspace       used 77115K, committed 77760K, reserved 1179648K
  class space    used 11132K, committed 11456K, reserved 1048576K
}
Event: 674.345 GC heap before
{Heap before GC invocations=34 (full 7):
 garbage-first heap   total 116736K, used 89377K [0x0000000707e00000, 0x0000000800000000)
  region size 2048K, 28 young (57344K), 0 survivors (0K)
 Metaspace       used 77374K, committed 78080K, reserved 1179648K
  class space    used 11166K, committed 11520K, reserved 1048576K
}
Event: 674.347 GC heap after
{Heap after GC invocations=35 (full 7):
 garbage-first heap   total 116736K, used 36480K [0x0000000707e00000, 0x0000000800000000)
  region size 2048K, 3 young (6144K), 3 survivors (6144K)
 Metaspace       used 77374K, committed 78080K, reserved 1179648K
  class space    used 11166K, committed 11520K, reserved 1048576K
}
Event: 674.677 GC heap before
{Heap before GC invocations=35 (full 7):
 garbage-first heap   total 116736K, used 89728K [0x0000000707e00000, 0x0000000800000000)
  region size 2048K, 29 young (59392K), 3 survivors (6144K)
 Metaspace       used 77808K, committed 78464K, reserved 1179648K
  class space    used 11212K, committed 11520K, reserved 1048576K
}
Event: 674.680 GC heap after
{Heap after GC invocations=36 (full 7):
 garbage-first heap   total 116736K, used 38111K [0x0000000707e00000, 0x0000000800000000)
  region size 2048K, 3 young (6144K), 3 survivors (6144K)
 Metaspace       used 77808K, committed 78464K, reserved 1179648K
  class space    used 11212K, committed 11520K, reserved 1048576K
}
Event: 715.913 GC heap before
{Heap before GC invocations=36 (full 7):
 garbage-first heap   total 116736K, used 89311K [0x0000000707e00000, 0x0000000800000000)
  region size 2048K, 29 young (59392K), 3 survivors (6144K)
 Metaspace       used 78071K, committed 78784K, reserved 1179648K
  class space    used 11232K, committed 11584K, reserved 1048576K
}

