# JRE version: OpenJDK Runtime Environment (17.0.9+9) (build 17.0.9+9-Debian-2)
# Java VM: OpenJDK 64-Bit Server VM (17.0.9+9-Debian-2, mixed mode, emulated-client, sharing, tiered, compressed oops, compressed class ptrs, g1 gc, linux-amd64)
GC Precious Log:
 CPUs: 8 total, 8 available
 Memory: 15874M
 Large Page Support: Disabled
 NUMA Support: Disabled
 Compressed Oops: Enabled (Zero based)
 Heap Region Size: 2M
 Heap Min Capacity: 8M
 Heap Initial Capacity: 250M
 Heap Max Capacity: 3970M
 Pre-touch: Disabled
 Parallel Workers: 8
 Concurrent Workers: 2
 Concurrent Refinement Workers: 8
 Periodic GC: Disabled
Heap:
 garbage-first heap   total 110592K, used 70887K [0x0000000707e00000, 0x0000000800000000)
  region size 2048K, 21 young (43008K), 4 survivors (8192K)
 Metaspace       used 73903K, committed 74432K, reserved 1114112K
  class space    used 10830K, committed 11072K, reserved 1048576K
GC Heap History (20 events):
Event: 1.824 GC heap after
{Heap after GC invocations=6 (full 0):
 garbage-first heap   total 98304K, used 21474K [0x0000000707e00000, 0x0000000800000000)
  region size 2048K, 2 young (4096K), 2 survivors (4096K)
 Metaspace       used 27054K, committed 27456K, reserved 1114112K
  class space    used 3790K, committed 3968K, reserved 1048576K
}
Event: 1.831 GC heap before
{Heap before GC invocations=6 (full 0):
 garbage-first heap   total 98304K, used 23522K [0x0000000707e00000, 0x0000000800000000)
  region size 2048K, 3 young (6144K), 2 survivors (4096K)
 Metaspace       used 27056K, committed 27456K, reserved 1114112K
  class space    used 3790K, committed 3968K, reserved 1048576K
}
Event: 1.834 GC heap after
{Heap after GC invocations=7 (full 0):
 garbage-first heap   total 98304K, used 22174K [0x0000000707e00000, 0x0000000800000000)
  region size 2048K, 1 young (2048K), 1 survivors (2048K)
 Metaspace       used 27056K, committed 27456K, reserved 1114112K
  class space    used 3790K, committed 3968K, reserved 1048576K
}
Event: 6.509 GC heap before
{Heap before GC invocations=7 (full 0):
 garbage-first heap   total 98304K, used 44702K [0x0000000707e00000, 0x0000000800000000)
  region size 2048K, 13 young (26624K), 1 survivors (2048K)
 Metaspace       used 35627K, committed 35968K, reserved 1114112K
  class space    used 4880K, committed 5056K, reserved 1048576K
}
Event: 6.514 GC heap after
{Heap after GC invocations=8 (full 0):
 garbage-first heap   total 98304K, used 23156K [0x0000000707e00000, 0x0000000800000000)
  region size 2048K, 1 young (2048K), 1 survivors (2048K)
 Metaspace       used 35627K, committed 35968K, reserved 1114112K
  class space    used 4880K, committed 5056K, reserved 1048576K
}
Event: 8.640 GC heap before
{Heap before GC invocations=9 (full 0):
 garbage-first heap   total 96256K, used 70260K [0x0000000707e00000, 0x0000000800000000)
  region size 2048K, 24 young (49152K), 1 survivors (2048K)
 Metaspace       used 46842K, committed 47360K, reserved 1114112K
  class space    used 6661K, committed 6912K, reserved 1048576K
}
Event: 8.644 GC heap after
{Heap after GC invocations=10 (full 0):
 garbage-first heap   total 96256K, used 25424K [0x0000000707e00000, 0x0000000800000000)
  region size 2048K, 2 young (4096K), 2 survivors (4096K)
 Metaspace       used 46842K, committed 47360K, reserved 1114112K
  class space    used 6661K, committed 6912K, reserved 1048576K
}
Event: 8.667 GC heap before
{Heap before GC invocations=10 (full 0):
 garbage-first heap   total 96256K, used 27472K [0x0000000707e00000, 0x0000000800000000)
  region size 2048K, 3 young (6144K), 2 survivors (4096K)
 Metaspace       used 47418K, committed 47936K, reserved 1114112K
  class space    used 6715K, committed 6976K, reserved 1048576K
}
Event: 8.671 GC heap after
{Heap after GC invocations=11 (full 0):
 garbage-first heap   total 96256K, used 25256K [0x0000000707e00000, 0x0000000800000000)
  region size 2048K, 1 young (2048K), 1 survivors (2048K)
 Metaspace       used 47418K, committed 47936K, reserved 1114112K
  class space    used 6715K, committed 6976K, reserved 1048576K
}
Event: 9.114 GC heap before
{Heap before GC invocations=11 (full 0):
 garbage-first heap   total 96256K, used 68264K [0x0000000707e00000, 0x0000000800000000)
  region size 2048K, 22 young (45056K), 1 survivors (2048K)
 Metaspace       used 54734K, committed 55232K, reserved 1114112K
  class space    used 7896K, committed 8128K, reserved 1048576K
}
Event: 9.117 GC heap after
{Heap after GC invocations=12 (full 0):
 garbage-first heap   total 192512K, used 26587K [0x0000000707e00000, 0x0000000800000000)
  region size 2048K, 1 young (2048K), 1 survivors (2048K)
 Metaspace       used 54734K, committed 55232K, reserved 1114112K
  class space    used 7896K, committed 8128K, reserved 1048576K
}
Event: 9.541 GC heap before
{Heap before GC invocations=13 (full 0):
 garbage-first heap   total 110592K, used 90075K [0x0000000707e00000, 0x0000000800000000)
  region size 2048K, 32 young (65536K), 1 survivors (2048K)
 Metaspace       used 58726K, committed 59264K, reserved 1114112K
  class space    used 8522K, committed 8768K, reserved 1048576K
}
Event: 9.544 GC heap after
{Heap after GC invocations=14 (full 0):
 garbage-first heap   total 110592K, used 29379K [0x0000000707e00000, 0x0000000800000000)
  region size 2048K, 3 young (6144K), 3 survivors (6144K)
 Metaspace       used 58726K, committed 59264K, reserved 1114112K
  class space    used 8522K, committed 8768K, reserved 1048576K
}
Event: 9.552 GC heap before
{Heap before GC invocations=14 (full 0):
 garbage-first heap   total 110592K, used 31427K [0x0000000707e00000, 0x0000000800000000)
  region size 2048K, 4 young (8192K), 3 survivors (6144K)
 Metaspace       used 58726K, committed 59264K, reserved 1114112K
  class space    used 8522K, committed 8768K, reserved 1048576K
}
Event: 9.555 GC heap after
{Heap after GC invocations=15 (full 0):
 garbage-first heap   total 110592K, used 29497K [0x0000000707e00000, 0x0000000800000000)
  region size 2048K, 1 young (2048K), 1 survivors (2048K)
 Metaspace       used 58726K, committed 59264K, reserved 1114112K
  class space    used 8522K, committed 8768K, reserved 1048576K
}
Event: 9.901 GC heap before
{Heap before GC invocations=15 (full 0):
 garbage-first heap   total 110592K, used 82745K [0x0000000707e00000, 0x0000000800000000)
  region size 2048K, 27 young (55296K), 1 survivors (2048K)
 Metaspace       used 64366K, committed 64896K, reserved 1114112K
  class space    used 9534K, committed 9792K, reserved 1048576K
}
Event: 9.903 GC heap after
{Heap after GC invocations=16 (full 0):
 garbage-first heap   total 110592K, used 32569K [0x0000000707e00000, 0x0000000800000000)
  region size 2048K, 2 young (4096K), 2 survivors (4096K)
 Metaspace       used 64366K, committed 64896K, reserved 1114112K
  class space    used 9534K, committed 9792K, reserved 1048576K
}
Event: 16.954 GC heap before
{Heap before GC invocations=16 (full 0):
 garbage-first heap   total 110592K, used 81721K [0x0000000707e00000, 0x0000000800000000)
  region size 2048K, 27 young (55296K), 2 survivors (4096K)
 Metaspace       used 71003K, committed 71552K, reserved 1114112K
  class space    used 10461K, committed 10688K, reserved 1048576K
}
Event: 16.958 GC heap after
{Heap after GC invocations=17 (full 0):
 garbage-first heap   total 110592K, used 36453K [0x0000000707e00000, 0x0000000800000000)
  region size 2048K, 4 young (8192K), 4 survivors (8192K)
 Metaspace       used 71003K, committed 71552K, reserved 1114112K
  class space    used 10461K, committed 10688K, reserved 1048576K
}
Event: 268.514 GC heap before
{Heap before GC invocations=17 (full 0):
 garbage-first heap   total 110592K, used 69221K [0x0000000707e00000, 0x0000000800000000)
  region size 2048K, 21 young (43008K), 4 survivors (8192K)
 Metaspace       used 73903K, committed 74432K, reserved 1114112K
  class space    used 10830K, committed 11072K, reserved 1048576K
}

