# JRE version: OpenJDK Runtime Environment (17.0.9+9) (build 17.0.9+9-Debian-2)
# Java VM: OpenJDK 64-Bit Server VM (17.0.9+9-Debian-2, mixed mode, emulated-client, sharing, tiered, compressed oops, compressed class ptrs, g1 gc, linux-amd64)
GC Precious Log:
 CPUs: 8 total, 8 available
 Memory: 15874M
 Large Page Support: Disabled
 NUMA Support: Disabled
 Compressed Oops: Enabled (Zero based)
 Heap Region Size: 2M
 Heap Min Capacity: 8M
 Heap Initial Capacity: 250M
 Heap Max Capacity: 3970M
 Pre-touch: Disabled
 Parallel Workers: 8
 Concurrent Workers: 2
 Concurrent Refinement Workers: 8
 Periodic GC: Disabled
Heap:
 garbage-first heap   total 122880K, used 94062K [0x0000000707e00000, 0x0000000800000000)
  region size 2048K, 33 young (67584K), 3 survivors (6144K)
 Metaspace       used 78756K, committed 79680K, reserved 1179648K
  class space    used 11305K, committed 11840K, reserved 1048576K
GC Heap History (20 events):
Event: 1747.175 GC heap after
{Heap after GC invocations=68 (full 15):
 garbage-first heap   total 131072K, used 31822K [0x0000000707e00000, 0x0000000800000000)
  region size 2048K, 0 young (0K), 0 survivors (0K)
 Metaspace       used 75800K, committed 76992K, reserved 1179648K
  class space    used 11008K, committed 11840K, reserved 1048576K
}
Event: 1758.563 GC heap before
{Heap before GC invocations=68 (full 15):
 garbage-first heap   total 131072K, used 97358K [0x0000000707e00000, 0x0000000800000000)
  region size 2048K, 32 young (65536K), 0 survivors (0K)
 Metaspace       used 76073K, committed 77248K, reserved 1179648K
  class space    used 11044K, committed 11840K, reserved 1048576K
}
Event: 1758.566 GC heap after
{Heap after GC invocations=69 (full 15):
 garbage-first heap   total 131072K, used 36829K [0x0000000707e00000, 0x0000000800000000)
  region size 2048K, 3 young (6144K), 3 survivors (6144K)
 Metaspace       used 76073K, committed 77248K, reserved 1179648K
  class space    used 11044K, committed 11840K, reserved 1048576K
}
Event: 1758.756 GC heap before
{Heap before GC invocations=69 (full 15):
 garbage-first heap   total 131072K, used 96221K [0x0000000707e00000, 0x0000000800000000)
  region size 2048K, 32 young (65536K), 3 survivors (6144K)
 Metaspace       used 76596K, committed 77696K, reserved 1179648K
  class space    used 11089K, committed 11840K, reserved 1048576K
}
Event: 1758.760 GC heap after
{Heap after GC invocations=70 (full 15):
 garbage-first heap   total 131072K, used 38147K [0x0000000707e00000, 0x0000000800000000)
  region size 2048K, 2 young (4096K), 2 survivors (4096K)
 Metaspace       used 76596K, committed 77696K, reserved 1179648K
  class space    used 11089K, committed 11840K, reserved 1048576K
}
Event: 1766.483 GC heap before
{Heap before GC invocations=70 (full 15):
 garbage-first heap   total 131072K, used 72963K [0x0000000707e00000, 0x0000000800000000)
  region size 2048K, 20 young (40960K), 2 survivors (4096K)
 Metaspace       used 76713K, committed 77824K, reserved 1179648K
  class space    used 11097K, committed 11840K, reserved 1048576K
}
Event: 1766.524 GC heap after
{Heap after GC invocations=71 (full 16):
 garbage-first heap   total 122880K, used 31673K [0x0000000707e00000, 0x0000000800000000)
  region size 2048K, 0 young (0K), 0 survivors (0K)
 Metaspace       used 76700K, committed 77824K, reserved 1179648K
  class space    used 11095K, committed 11840K, reserved 1048576K
}
Event: 1785.945 GC heap before
{Heap before GC invocations=71 (full 16):
 garbage-first heap   total 122880K, used 95161K [0x0000000707e00000, 0x0000000800000000)
  region size 2048K, 31 young (63488K), 0 survivors (0K)
 Metaspace       used 76949K, committed 78016K, reserved 1179648K
  class space    used 11127K, committed 11840K, reserved 1048576K
}
Event: 1785.948 GC heap after
{Heap after GC invocations=72 (full 16):
 garbage-first heap   total 122880K, used 36032K [0x0000000707e00000, 0x0000000800000000)
  region size 2048K, 3 young (6144K), 3 survivors (6144K)
 Metaspace       used 76949K, committed 78016K, reserved 1179648K
  class space    used 11127K, committed 11840K, reserved 1048576K
}
Event: 1786.131 GC heap before
{Heap before GC invocations=72 (full 16):
 garbage-first heap   total 122880K, used 93376K [0x0000000707e00000, 0x0000000800000000)
  region size 2048K, 31 young (63488K), 3 survivors (6144K)
 Metaspace       used 77430K, committed 78464K, reserved 1179648K
  class space    used 11174K, committed 11840K, reserved 1048576K
}
Event: 1786.134 GC heap after
{Heap after GC invocations=73 (full 16):
 garbage-first heap   total 122880K, used 37714K [0x0000000707e00000, 0x0000000800000000)
  region size 2048K, 1 young (2048K), 1 survivors (2048K)
 Metaspace       used 77430K, committed 78464K, reserved 1179648K
  class space    used 11174K, committed 11840K, reserved 1048576K
}
Event: 1788.965 GC heap before
{Heap before GC invocations=73 (full 16):
 garbage-first heap   total 122880K, used 78674K [0x0000000707e00000, 0x0000000800000000)
  region size 2048K, 22 young (45056K), 1 survivors (2048K)
 Metaspace       used 77632K, committed 78656K, reserved 1179648K
  class space    used 11190K, committed 11840K, reserved 1048576K
}
Event: 1789.009 GC heap after
{Heap after GC invocations=74 (full 17):
 garbage-first heap   total 122880K, used 32139K [0x0000000707e00000, 0x0000000800000000)
  region size 2048K, 0 young (0K), 0 survivors (0K)
 Metaspace       used 77619K, committed 78656K, reserved 1179648K
  class space    used 11188K, committed 11840K, reserved 1048576K
}
Event: 1805.266 GC heap before
{Heap before GC invocations=74 (full 17):
 garbage-first heap   total 122880K, used 89483K [0x0000000707e00000, 0x0000000800000000)
  region size 2048K, 29 young (59392K), 0 survivors (0K)
 Metaspace       used 77827K, committed 78848K, reserved 1179648K
  class space    used 11213K, committed 11840K, reserved 1048576K
}
Event: 1805.270 GC heap after
{Heap after GC invocations=75 (full 17):
 garbage-first heap   total 122880K, used 36235K [0x0000000707e00000, 0x0000000800000000)
  region size 2048K, 2 young (4096K), 2 survivors (4096K)
 Metaspace       used 77827K, committed 78848K, reserved 1179648K
  class space    used 11213K, committed 11840K, reserved 1048576K
}
Event: 1805.523 GC heap before
{Heap before GC invocations=75 (full 17):
 garbage-first heap   total 122880K, used 91531K [0x0000000707e00000, 0x0000000800000000)
  region size 2048K, 29 young (59392K), 2 survivors (4096K)
 Metaspace       used 78253K, committed 79232K, reserved 1179648K
  class space    used 11257K, committed 11840K, reserved 1048576K
}
Event: 1805.526 GC heap after
{Heap after GC invocations=76 (full 17):
 garbage-first heap   total 122880K, used 38041K [0x0000000707e00000, 0x0000000800000000)
  region size 2048K, 3 young (6144K), 3 survivors (6144K)
 Metaspace       used 78253K, committed 79232K, reserved 1179648K
  class space    used 11257K, committed 11840K, reserved 1048576K
}
Event: 1813.169 GC heap before
{Heap before GC invocations=76 (full 17):
 garbage-first heap   total 122880K, used 87193K [0x0000000707e00000, 0x0000000800000000)
  region size 2048K, 28 young (57344K), 3 survivors (6144K)
 Metaspace       used 78506K, committed 79424K, reserved 1179648K
  class space    used 11273K, committed 11840K, reserved 1048576K
}
Event: 1813.239 GC heap after
{Heap after GC invocations=77 (full 18):
 garbage-first heap   total 122880K, used 32622K [0x0000000707e00000, 0x0000000800000000)
  region size 2048K, 0 young (0K), 0 survivors (0K)
 Metaspace       used 78493K, committed 79424K, reserved 1179648K
  class space    used 11271K, committed 11840K, reserved 1048576K
}
Event: 1821.256 GC heap before
{Heap before GC invocations=77 (full 18):
 garbage-first heap   total 122880K, used 94062K [0x0000000707e00000, 0x0000000800000000)
  region size 2048K, 30 young (61440K), 0 survivors (0K)
 Metaspace       used 78756K, committed 79680K, reserved 1179648K
  class space    used 11305K, committed 11840K, reserved 1048576K
}

