# JRE version: OpenJDK Runtime Environment (17.0.9+9) (build 17.0.9+9-Debian-2)
# Java VM: OpenJDK 64-Bit Server VM (17.0.9+9-Debian-2, mixed mode, emulated-client, sharing, tiered, compressed oops, compressed class ptrs, g1 gc, linux-amd64)
GC Precious Log:
 CPUs: 8 total, 8 available
 Memory: 15874M
 Large Page Support: Disabled
 NUMA Support: Disabled
 Compressed Oops: Enabled (Zero based)
 Heap Region Size: 2M
 Heap Min Capacity: 8M
 Heap Initial Capacity: 250M
 Heap Max Capacity: 3970M
 Pre-touch: Disabled
 Parallel Workers: 8
 Concurrent Workers: 2
 Concurrent Refinement Workers: 8
 Periodic GC: Disabled
Heap:
 garbage-first heap   total 116736K, used 29580K [0x0000000707e00000, 0x0000000800000000)
  region size 2048K, 4 young (8192K), 2 survivors (4096K)
 Metaspace       used 55787K, committed 56256K, reserved 1114112K
  class space    used 8073K, committed 8320K, reserved 1048576K
GC Heap History (20 events):
Event: 0.285 GC heap before
{Heap before GC invocations=0 (full 0):
 garbage-first heap   total 260096K, used 22448K [0x0000000707e00000, 0x0000000800000000)
  region size 2048K, 11 young (22528K), 0 survivors (0K)
 Metaspace       used 3793K, committed 3968K, reserved 1114112K
  class space    used 498K, committed 576K, reserved 1048576K
}
Event: 0.292 GC heap after
{Heap after GC invocations=1 (full 0):
 garbage-first heap   total 260096K, used 9595K [0x0000000707e00000, 0x0000000800000000)
  region size 2048K, 2 young (4096K), 2 survivors (4096K)
 Metaspace       used 3793K, committed 3968K, reserved 1114112K
  class space    used 498K, committed 576K, reserved 1048576K
}
Event: 0.545 GC heap before
{Heap before GC invocations=1 (full 0):
 garbage-first heap   total 260096K, used 30075K [0x0000000707e00000, 0x0000000800000000)
  region size 2048K, 12 young (24576K), 2 survivors (4096K)
 Metaspace       used 7627K, committed 7872K, reserved 1114112K
  class space    used 1097K, committed 1216K, reserved 1048576K
}
Event: 0.550 GC heap after
{Heap after GC invocations=2 (full 0):
 garbage-first heap   total 260096K, used 11531K [0x0000000707e00000, 0x0000000800000000)
  region size 2048K, 1 young (2048K), 1 survivors (2048K)
 Metaspace       used 7627K, committed 7872K, reserved 1114112K
  class space    used 1097K, committed 1216K, reserved 1048576K
}
Event: 0.838 GC heap before
{Heap before GC invocations=2 (full 0):
 garbage-first heap   total 260096K, used 50443K [0x0000000707e00000, 0x0000000800000000)
  region size 2048K, 21 young (43008K), 1 survivors (2048K)
 Metaspace       used 16047K, committed 16256K, reserved 1114112K
  class space    used 2161K, committed 2240K, reserved 1048576K
}
Event: 0.845 GC heap after
{Heap after GC invocations=3 (full 0):
 garbage-first heap   total 260096K, used 15180K [0x0000000707e00000, 0x0000000800000000)
  region size 2048K, 3 young (6144K), 3 survivors (6144K)
 Metaspace       used 16047K, committed 16256K, reserved 1114112K
  class space    used 2161K, committed 2240K, reserved 1048576K
}
Event: 1.454 GC heap before
{Heap before GC invocations=3 (full 0):
 garbage-first heap   total 260096K, used 66380K [0x0000000707e00000, 0x0000000800000000)
  region size 2048K, 29 young (59392K), 3 survivors (6144K)
 Metaspace       used 21145K, committed 21504K, reserved 1114112K
  class space    used 2962K, committed 3136K, reserved 1048576K
}
Event: 1.462 GC heap after
{Heap after GC invocations=4 (full 0):
 garbage-first heap   total 260096K, used 18652K [0x0000000707e00000, 0x0000000800000000)
  region size 2048K, 5 young (10240K), 5 survivors (10240K)
 Metaspace       used 21145K, committed 21504K, reserved 1114112K
  class space    used 2962K, committed 3136K, reserved 1048576K
}
Event: 1.867 GC heap before
{Heap before GC invocations=5 (full 0):
 garbage-first heap   total 81920K, used 57564K [0x0000000707e00000, 0x0000000800000000)
  region size 2048K, 24 young (49152K), 5 survivors (10240K)
 Metaspace       used 27078K, committed 27456K, reserved 1114112K
  class space    used 3795K, committed 3968K, reserved 1048576K
}
Event: 1.881 GC heap after
{Heap after GC invocations=6 (full 0):
 garbage-first heap   total 102400K, used 21962K [0x0000000707e00000, 0x0000000800000000)
  region size 2048K, 2 young (4096K), 2 survivors (4096K)
 Metaspace       used 27078K, committed 27456K, reserved 1114112K
  class space    used 3795K, committed 3968K, reserved 1048576K
}
Event: 1.895 GC heap before
{Heap before GC invocations=6 (full 0):
 garbage-first heap   total 102400K, used 24010K [0x0000000707e00000, 0x0000000800000000)
  region size 2048K, 3 young (6144K), 2 survivors (4096K)
 Metaspace       used 27110K, committed 27456K, reserved 1114112K
  class space    used 3801K, committed 3968K, reserved 1048576K
}
Event: 1.899 GC heap after
{Heap after GC invocations=7 (full 0):
 garbage-first heap   total 102400K, used 22407K [0x0000000707e00000, 0x0000000800000000)
  region size 2048K, 1 young (2048K), 1 survivors (2048K)
 Metaspace       used 27110K, committed 27456K, reserved 1114112K
  class space    used 3801K, committed 3968K, reserved 1048576K
}
Event: 2.299 GC heap before
{Heap before GC invocations=7 (full 0):
 garbage-first heap   total 102400K, used 44935K [0x0000000707e00000, 0x0000000800000000)
  region size 2048K, 13 young (26624K), 1 survivors (2048K)
 Metaspace       used 35624K, committed 35968K, reserved 1114112K
  class space    used 4878K, committed 5056K, reserved 1048576K
}
Event: 2.304 GC heap after
{Heap after GC invocations=8 (full 0):
 garbage-first heap   total 102400K, used 23393K [0x0000000707e00000, 0x0000000800000000)
  region size 2048K, 1 young (2048K), 1 survivors (2048K)
 Metaspace       used 35624K, committed 35968K, reserved 1114112K
  class space    used 4878K, committed 5056K, reserved 1048576K
}
Event: 2.857 GC heap before
{Heap before GC invocations=9 (full 0):
 garbage-first heap   total 102400K, used 70497K [0x0000000707e00000, 0x0000000800000000)
  region size 2048K, 25 young (51200K), 1 survivors (2048K)
 Metaspace       used 46318K, committed 46784K, reserved 1114112K
  class space    used 6584K, committed 6784K, reserved 1048576K
}
Event: 2.861 GC heap after
{Heap after GC invocations=10 (full 0):
 garbage-first heap   total 102400K, used 26054K [0x0000000707e00000, 0x0000000800000000)
  region size 2048K, 3 young (6144K), 3 survivors (6144K)
 Metaspace       used 46318K, committed 46784K, reserved 1114112K
  class space    used 6584K, committed 6784K, reserved 1048576K
}
Event: 2.880 GC heap before
{Heap before GC invocations=10 (full 0):
 garbage-first heap   total 102400K, used 26054K [0x0000000707e00000, 0x0000000800000000)
  region size 2048K, 4 young (8192K), 3 survivors (6144K)
 Metaspace       used 46743K, committed 47232K, reserved 1114112K
  class space    used 6631K, committed 6848K, reserved 1048576K
}
Event: 2.884 GC heap after
{Heap after GC invocations=11 (full 0):
 garbage-first heap   total 102400K, used 26083K [0x0000000707e00000, 0x0000000800000000)
  region size 2048K, 1 young (2048K), 1 survivors (2048K)
 Metaspace       used 46743K, committed 47232K, reserved 1114112K
  class space    used 6631K, committed 6848K, reserved 1048576K
}
Event: 3.400 GC heap before
{Heap before GC invocations=11 (full 0):
 garbage-first heap   total 102400K, used 73187K [0x0000000707e00000, 0x0000000800000000)
  region size 2048K, 24 young (49152K), 1 survivors (2048K)
 Metaspace       used 55314K, committed 55808K, reserved 1114112K
  class space    used 7949K, committed 8192K, reserved 1048576K
}
Event: 3.403 GC heap after
{Heap after GC invocations=12 (full 0):
 garbage-first heap   total 204800K, used 27532K [0x0000000707e00000, 0x0000000800000000)
  region size 2048K, 2 young (4096K), 2 survivors (4096K)
 Metaspace       used 55314K, committed 55808K, reserved 1114112K
  class space    used 7949K, committed 8192K, reserved 1048576K
}

