# JRE version: OpenJDK Runtime Environment (17.0.9+9) (build 17.0.9+9-Debian-2)
# Java VM: OpenJDK 64-Bit Server VM (17.0.9+9-Debian-2, mixed mode, emulated-client, sharing, tiered, compressed oops, compressed class ptrs, g1 gc, linux-amd64)
GC Precious Log:
 CPUs: 8 total, 8 available
 Memory: 15874M
 Large Page Support: Disabled
 NUMA Support: Disabled
 Compressed Oops: Enabled (Zero based)
 Heap Region Size: 2M
 Heap Min Capacity: 8M
 Heap Initial Capacity: 250M
 Heap Max Capacity: 3970M
 Pre-touch: Disabled
 Parallel Workers: 8
 Concurrent Workers: 2
 Concurrent Refinement Workers: 8
 Periodic GC: Disabled
Heap:
 garbage-first heap   total 131072K, used 74796K [0x0000000707e00000, 0x0000000800000000)
  region size 2048K, 22 young (45056K), 4 survivors (8192K)
 Metaspace       used 77753K, committed 78528K, reserved 1179648K
  class space    used 11100K, committed 11456K, reserved 1048576K
GC Heap History (20 events):
Event: 745.314 GC heap after
{Heap after GC invocations=41 (full 7):
 garbage-first heap   total 116736K, used 30997K [0x0000000707e00000, 0x0000000800000000)
  region size 2048K, 0 young (0K), 0 survivors (0K)
 Metaspace       used 75050K, committed 75712K, reserved 1114112K
  class space    used 10836K, committed 11136K, reserved 1048576K
}
Event: 751.360 GC heap before
{Heap before GC invocations=41 (full 7):
 garbage-first heap   total 116736K, used 90389K [0x0000000707e00000, 0x0000000800000000)
  region size 2048K, 29 young (59392K), 0 survivors (0K)
 Metaspace       used 75307K, committed 76032K, reserved 1114112K
  class space    used 10869K, committed 11200K, reserved 1048576K
}
Event: 751.362 GC heap after
{Heap after GC invocations=42 (full 7):
 garbage-first heap   total 116736K, used 35484K [0x0000000707e00000, 0x0000000800000000)
  region size 2048K, 3 young (6144K), 3 survivors (6144K)
 Metaspace       used 75307K, committed 76032K, reserved 1114112K
  class space    used 10869K, committed 11200K, reserved 1048576K
}
Event: 751.592 GC heap before
{Heap before GC invocations=42 (full 7):
 garbage-first heap   total 116736K, used 88732K [0x0000000707e00000, 0x0000000800000000)
  region size 2048K, 29 young (59392K), 3 survivors (6144K)
 Metaspace       used 75744K, committed 76480K, reserved 1179648K
  class space    used 10916K, committed 11264K, reserved 1048576K
}
Event: 751.597 GC heap after
{Heap after GC invocations=43 (full 7):
 garbage-first heap   total 116736K, used 37002K [0x0000000707e00000, 0x0000000800000000)
  region size 2048K, 3 young (6144K), 3 survivors (6144K)
 Metaspace       used 75744K, committed 76480K, reserved 1179648K
  class space    used 10916K, committed 11264K, reserved 1048576K
}
Event: 756.770 GC heap before
{Heap before GC invocations=43 (full 7):
 garbage-first heap   total 116736K, used 86154K [0x0000000707e00000, 0x0000000800000000)
  region size 2048K, 28 young (57344K), 3 survivors (6144K)
 Metaspace       used 76004K, committed 76736K, reserved 1179648K
  class space    used 10935K, committed 11264K, reserved 1048576K
}
Event: 756.836 GC heap after
{Heap after GC invocations=44 (full 8):
 garbage-first heap   total 116736K, used 31508K [0x0000000707e00000, 0x0000000800000000)
  region size 2048K, 0 young (0K), 0 survivors (0K)
 Metaspace       used 75992K, committed 76736K, reserved 1179648K
  class space    used 10932K, committed 11264K, reserved 1048576K
}
Event: 762.815 GC heap before
{Heap before GC invocations=44 (full 8):
 garbage-first heap   total 116736K, used 88852K [0x0000000707e00000, 0x0000000800000000)
  region size 2048K, 28 young (57344K), 0 survivors (0K)
 Metaspace       used 76201K, committed 76928K, reserved 1179648K
  class space    used 10957K, committed 11264K, reserved 1048576K
}
Event: 762.817 GC heap after
{Heap after GC invocations=45 (full 8):
 garbage-first heap   total 116736K, used 35779K [0x0000000707e00000, 0x0000000800000000)
  region size 2048K, 3 young (6144K), 3 survivors (6144K)
 Metaspace       used 76201K, committed 76928K, reserved 1179648K
  class space    used 10957K, committed 11264K, reserved 1048576K
}
Event: 763.026 GC heap before
{Heap before GC invocations=45 (full 8):
 garbage-first heap   total 116736K, used 89027K [0x0000000707e00000, 0x0000000800000000)
  region size 2048K, 29 young (59392K), 3 survivors (6144K)
 Metaspace       used 76627K, committed 77376K, reserved 1179648K
  class space    used 11000K, committed 11328K, reserved 1048576K
}
Event: 763.029 GC heap after
{Heap after GC invocations=46 (full 8):
 garbage-first heap   total 116736K, used 37584K [0x0000000707e00000, 0x0000000800000000)
  region size 2048K, 3 young (6144K), 3 survivors (6144K)
 Metaspace       used 76627K, committed 77376K, reserved 1179648K
  class space    used 11000K, committed 11328K, reserved 1048576K
}
Event: 777.500 GC heap before
{Heap before GC invocations=46 (full 8):
 garbage-first heap   total 116736K, used 90832K [0x0000000707e00000, 0x0000000800000000)
  region size 2048K, 29 young (59392K), 3 survivors (6144K)
 Metaspace       used 76876K, committed 77568K, reserved 1179648K
  class space    used 11017K, committed 11328K, reserved 1048576K
}
Event: 777.507 GC heap after
{Heap after GC invocations=47 (full 8):
 garbage-first heap   total 141312K, used 38632K [0x0000000707e00000, 0x0000000800000000)
  region size 2048K, 3 young (6144K), 3 survivors (6144K)
 Metaspace       used 76876K, committed 77568K, reserved 1179648K
  class space    used 11017K, committed 11328K, reserved 1048576K
}
Event: 794.614 GC heap before
{Heap before GC invocations=47 (full 8):
 garbage-first heap   total 141312K, used 42728K [0x0000000707e00000, 0x0000000800000000)
  region size 2048K, 6 young (12288K), 3 survivors (6144K)
 Metaspace       used 76879K, committed 77568K, reserved 1179648K
  class space    used 11017K, committed 11328K, reserved 1048576K
}
Event: 794.651 GC heap after
{Heap after GC invocations=48 (full 9):
 garbage-first heap   total 131072K, used 32100K [0x0000000707e00000, 0x0000000800000000)
  region size 2048K, 0 young (0K), 0 survivors (0K)
 Metaspace       used 76866K, committed 77568K, reserved 1179648K
  class space    used 11015K, committed 11328K, reserved 1048576K
}
Event: 800.829 GC heap before
{Heap before GC invocations=48 (full 9):
 garbage-first heap   total 131072K, used 97636K [0x0000000707e00000, 0x0000000800000000)
  region size 2048K, 32 young (65536K), 0 survivors (0K)
 Metaspace       used 77114K, committed 77888K, reserved 1179648K
  class space    used 11047K, committed 11392K, reserved 1048576K
}
Event: 800.833 GC heap after
{Heap after GC invocations=49 (full 9):
 garbage-first heap   total 131072K, used 36755K [0x0000000707e00000, 0x0000000800000000)
  region size 2048K, 3 young (6144K), 3 survivors (6144K)
 Metaspace       used 77114K, committed 77888K, reserved 1179648K
  class space    used 11047K, committed 11392K, reserved 1048576K
}
Event: 801.132 GC heap before
{Heap before GC invocations=49 (full 9):
 garbage-first heap   total 131072K, used 98195K [0x0000000707e00000, 0x0000000800000000)
  region size 2048K, 33 young (67584K), 3 survivors (6144K)
 Metaspace       used 77619K, committed 78400K, reserved 1179648K
  class space    used 11091K, committed 11456K, reserved 1048576K
}
Event: 801.135 GC heap after
{Heap after GC invocations=50 (full 9):
 garbage-first heap   total 131072K, used 38454K [0x0000000707e00000, 0x0000000800000000)
  region size 2048K, 4 young (8192K), 4 survivors (8192K)
 Metaspace       used 77619K, committed 78400K, reserved 1179648K
  class space    used 11091K, committed 11456K, reserved 1048576K
}
Event: 805.404 GC heap before
{Heap before GC invocations=50 (full 9):
 garbage-first heap   total 131072K, used 73270K [0x0000000707e00000, 0x0000000800000000)
  region size 2048K, 22 young (45056K), 4 survivors (8192K)
 Metaspace       used 77753K, committed 78528K, reserved 1179648K
  class space    used 11100K, committed 11456K, reserved 1048576K
}

